2025-09-14 11:19:27 [main] INFO  c.a.p.p.ProductServiceApplication - Starting ProductServiceApplication using Java 23.0.1 with PID 52766 (/home/matvey/AmazingShop/Product-Service/product-service/target/classes started by matvey in /home/matvey/AmazingShop/Product-Service/product-service)
2025-09-14 11:19:27 [main] DEBUG c.a.p.p.ProductServiceApplication - Running with Spring Boot v3.5.3, Spring v6.2.8
2025-09-14 11:19:27 [main] INFO  c.a.p.p.ProductServiceApplication - No active profile set, falling back to 1 default profile: "default"
2025-09-14 11:19:28 [main] INFO  o.s.d.r.c.RepositoryConfigurationDelegate - Bootstrapping Spring Data JPA repositories in DEFAULT mode.
2025-09-14 11:19:28 [main] INFO  o.s.d.r.c.RepositoryConfigurationDelegate - Finished Spring Data repository scanning in 45 ms. Found 1 JPA repository interface.
2025-09-14 11:19:29 [main] INFO  o.s.b.w.e.tomcat.TomcatWebServer - Tomcat initialized with port 8080 (http)
2025-09-14 11:19:29 [main] INFO  o.a.catalina.core.StandardService - Starting service [Tomcat]
2025-09-14 11:19:29 [main] INFO  o.a.catalina.core.StandardEngine - Starting Servlet engine: [Apache Tomcat/10.1.42]
2025-09-14 11:19:29 [main] INFO  o.a.c.c.C.[Tomcat].[localhost].[/] - Initializing Spring embedded WebApplicationContext
2025-09-14 11:19:29 [main] INFO  o.s.b.w.s.c.ServletWebServerApplicationContext - Root WebApplicationContext: initialization completed in 1630 ms
2025-09-14 11:19:29 [main] INFO  com.zaxxer.hikari.HikariDataSource - HikariPool-1 - Starting...
2025-09-14 11:19:30 [main] INFO  com.zaxxer.hikari.pool.HikariPool - HikariPool-1 - Added connection org.postgresql.jdbc.PgConnection@60807fd9
2025-09-14 11:19:30 [main] INFO  com.zaxxer.hikari.HikariDataSource - HikariPool-1 - Start completed.
2025-09-14 11:19:30 [main] INFO  o.h.jpa.internal.util.LogHelper - HHH000204: Processing PersistenceUnitInfo [name: default]
2025-09-14 11:19:30 [main] INFO  org.hibernate.Version - HHH000412: Hibernate ORM core version 6.6.18.Final
2025-09-14 11:19:30 [main] INFO  o.h.c.i.RegionFactoryInitiator - HHH000026: Second-level cache disabled
2025-09-14 11:19:31 [main] INFO  o.s.o.j.p.SpringPersistenceUnitInfo - No LoadTimeWeaver setup: ignoring JPA class transformer
2025-09-14 11:19:31 [main] WARN  org.hibernate.orm.deprecation - HHH90000025: PostgreSQLDialect does not need to be specified explicitly using 'hibernate.dialect' (remove the property setting and it will be selected by default)
2025-09-14 11:19:31 [main] INFO  o.hibernate.orm.connections.pooling - HHH10001005: Database info:
	Database JDBC URL [Connecting through datasource 'HikariDataSource (HikariPool-1)']
	Database driver: undefined/unknown
	Database version: 16.10
	Autocommit mode: undefined/unknown
	Isolation level: undefined/unknown
	Minimum pool size: undefined/unknown
	Maximum pool size: undefined/unknown
2025-09-14 11:19:32 [main] INFO  o.h.e.t.j.p.i.JtaPlatformInitiator - HHH000489: No JTA platform available (set 'hibernate.transaction.jta.platform' to enable JTA platform integration)
2025-09-14 11:19:32 [main] INFO  o.s.o.j.LocalContainerEntityManagerFactoryBean - Initialized JPA EntityManagerFactory for persistence unit 'default'
2025-09-14 11:19:33 [main] INFO  o.s.b.w.e.tomcat.TomcatWebServer - Tomcat started on port 8080 (http) with context path '/'
2025-09-14 11:19:33 [main] INFO  c.a.p.p.ProductServiceApplication - Started ProductServiceApplication in 5.958 seconds (process running for 6.842)
2025-09-14 11:19:39 [http-nio-8080-exec-2] INFO  o.a.c.c.C.[Tomcat].[localhost].[/] - Initializing Spring DispatcherServlet 'dispatcherServlet'
2025-09-14 11:19:39 [http-nio-8080-exec-2] INFO  o.s.web.servlet.DispatcherServlet - Initializing Servlet 'dispatcherServlet'
2025-09-14 11:19:39 [http-nio-8080-exec-2] INFO  o.s.web.servlet.DispatcherServlet - Completed initialization in 1 ms
2025-09-14 11:19:39 [http-nio-8080-exec-2] DEBUG org.hibernate.SQL - select p1_0.id,p1_0.created_at,p1_0.name,p1_0.price,p1_0.stock,p1_0.updated_at from product p1_0
2025-09-14 11:19:39 [http-nio-8080-exec-2] INFO  c.a.p.p.c.ProductController - All products requested, count: 7
2025-09-14 11:19:45 [http-nio-8080-exec-3] WARN  c.a.p.p.c.ProductController - Product request: 1
2025-09-14 11:19:45 [http-nio-8080-exec-3] DEBUG org.hibernate.SQL - select p1_0.id,p1_0.created_at,p1_0.name,p1_0.price,p1_0.stock,p1_0.updated_at from product p1_0 where p1_0.id=?
2025-09-14 11:19:48 [SpringApplicationShutdownHook] INFO  o.s.b.w.e.tomcat.GracefulShutdown - Commencing graceful shutdown. Waiting for active requests to complete
2025-09-14 11:19:48 [tomcat-shutdown] INFO  o.s.b.w.e.tomcat.GracefulShutdown - Graceful shutdown complete
2025-09-14 11:19:48 [SpringApplicationShutdownHook] INFO  o.s.o.j.LocalContainerEntityManagerFactoryBean - Closing JPA EntityManagerFactory for persistence unit 'default'
2025-09-14 11:19:48 [SpringApplicationShutdownHook] INFO  com.zaxxer.hikari.HikariDataSource - HikariPool-1 - Shutdown initiated...
2025-09-14 11:19:48 [SpringApplicationShutdownHook] INFO  com.zaxxer.hikari.HikariDataSource - HikariPool-1 - Shutdown completed.
